Build started 4/2/2015 6:25:01 PM.
     1>Project "C:\Users\Derik\documents\visual studio 2013\Projects\EX04_Gravity_Balls\EX04_Gravity_Balls\EX04_Gravity_Balls.vcxproj" on node 2 (Rebuild target(s)).
     1>ClCompile:
         C:\Program Files (x86)\Microsoft Visual Studio 12.0\VC\bin\CL.exe /c /ZI /nologo /W3 /WX- /Od /Oy- /D WIN32 /D _DEBUG /D _CONSOLE /D _LIB /D _UNICODE /D UNICODE /Gm /EHsc /RTC1 /MDd /GS /fp:precise /Zc:wchar_t /Zc:forScope /Fo"Debug\\" /Fd"Debug\vc120.pdb" /Gd /TP /analyze- /errorReport:prompt InitShader.cpp Main.cpp
         Main.cpp
     1>c:\users\derik\documents\visual studio 2013\projects\ex04_gravity_balls\ex04_gravity_balls\angel.h(64): warning C4305: 'initializing' : truncation from 'double' to 'const GLfloat'
     1>c:\users\derik\documents\visual studio 2013\projects\ex04_gravity_balls\ex04_gravity_balls\mat.h(852): warning C4244: '=' : conversion from 'double' to 'GLfloat', possible loss of data
     1>c:\users\derik\documents\visual studio 2013\projects\ex04_gravity_balls\ex04_gravity_balls\mat.h(853): warning C4244: '=' : conversion from 'double' to 'GLfloat', possible loss of data
     1>c:\users\derik\documents\visual studio 2013\projects\ex04_gravity_balls\ex04_gravity_balls\mat.h(854): warning C4244: '=' : conversion from 'double' to 'GLfloat', possible loss of data
     1>c:\users\derik\documents\visual studio 2013\projects\ex04_gravity_balls\ex04_gravity_balls\mat.h(875): warning C4244: '=' : conversion from 'double' to 'GLfloat', possible loss of data
     1>c:\users\derik\documents\visual studio 2013\projects\ex04_gravity_balls\ex04_gravity_balls\mat.h(877): warning C4244: '=' : conversion from 'double' to 'GLfloat', possible loss of data
     1>c:\users\derik\documents\visual studio 2013\projects\ex04_gravity_balls\ex04_gravity_balls\mat.h(880): warning C4244: '=' : conversion from 'double' to 'GLfloat', possible loss of data
     1>c:\users\derik\documents\visual studio 2013\projects\ex04_gravity_balls\ex04_gravity_balls\mat.h(896): warning C4244: '=' : conversion from 'double' to 'GLfloat', possible loss of data
     1>c:\users\derik\documents\visual studio 2013\projects\ex04_gravity_balls\ex04_gravity_balls\main.cpp(98): warning C4018: '<' : signed/unsigned mismatch
     1>c:\users\derik\documents\visual studio 2013\projects\ex04_gravity_balls\ex04_gravity_balls\main.cpp(113): warning C4018: '<' : signed/unsigned mismatch
     1>c:\users\derik\documents\visual studio 2013\projects\ex04_gravity_balls\ex04_gravity_balls\main.cpp(127): warning C4018: '<' : signed/unsigned mismatch
     1>c:\users\derik\documents\visual studio 2013\projects\ex04_gravity_balls\ex04_gravity_balls\main.cpp(128): warning C4018: '<' : signed/unsigned mismatch
     1>c:\users\derik\documents\visual studio 2013\projects\ex04_gravity_balls\ex04_gravity_balls\main.cpp(154): warning C4018: '<' : signed/unsigned mismatch
         InitShader.cpp
     1>c:\users\derik\documents\visual studio 2013\projects\ex04_gravity_balls\ex04_gravity_balls\angel.h(64): warning C4305: 'initializing' : truncation from 'double' to 'const GLfloat'
     1>c:\users\derik\documents\visual studio 2013\projects\ex04_gravity_balls\ex04_gravity_balls\mat.h(852): warning C4244: '=' : conversion from 'double' to 'GLfloat', possible loss of data
     1>c:\users\derik\documents\visual studio 2013\projects\ex04_gravity_balls\ex04_gravity_balls\mat.h(853): warning C4244: '=' : conversion from 'double' to 'GLfloat', possible loss of data
     1>c:\users\derik\documents\visual studio 2013\projects\ex04_gravity_balls\ex04_gravity_balls\mat.h(854): warning C4244: '=' : conversion from 'double' to 'GLfloat', possible loss of data
     1>c:\users\derik\documents\visual studio 2013\projects\ex04_gravity_balls\ex04_gravity_balls\mat.h(875): warning C4244: '=' : conversion from 'double' to 'GLfloat', possible loss of data
     1>c:\users\derik\documents\visual studio 2013\projects\ex04_gravity_balls\ex04_gravity_balls\mat.h(877): warning C4244: '=' : conversion from 'double' to 'GLfloat', possible loss of data
     1>c:\users\derik\documents\visual studio 2013\projects\ex04_gravity_balls\ex04_gravity_balls\mat.h(880): warning C4244: '=' : conversion from 'double' to 'GLfloat', possible loss of data
     1>c:\users\derik\documents\visual studio 2013\projects\ex04_gravity_balls\ex04_gravity_balls\mat.h(896): warning C4244: '=' : conversion from 'double' to 'GLfloat', possible loss of data
     1>c:\users\derik\documents\visual studio 2013\projects\ex04_gravity_balls\ex04_gravity_balls\initshader.cpp(8): warning C4996: 'fopen': This function or variable may be unsafe. Consider using fopen_s instead. To disable deprecation, use _CRT_SECURE_NO_WARNINGS. See online help for details.
                 c:\program files (x86)\microsoft visual studio 12.0\vc\include\stdio.h(211) : see declaration of 'fopen'
         Generating Code...
       Link:
         C:\Program Files (x86)\Microsoft Visual Studio 12.0\VC\bin\link.exe /ERRORREPORT:PROMPT /OUT:"C:\Users\Derik\documents\visual studio 2013\Projects\EX04_Gravity_Balls\Debug\EX04_Gravity_Balls.exe" /INCREMENTAL /NOLOGO glew32.lib kernel32.lib user32.lib gdi32.lib winspool.lib comdlg32.lib advapi32.lib shell32.lib ole32.lib oleaut32.lib uuid.lib odbc32.lib odbccp32.lib /MANIFEST /MANIFESTUAC:"level='asInvoker' uiAccess='false'" /manifest:embed /DEBUG /PDB:"C:\Users\Derik\documents\visual studio 2013\Projects\EX04_Gravity_Balls\Debug\EX04_Gravity_Balls.pdb" /SUBSYSTEM:CONSOLE /TLBID:1 /DYNAMICBASE /NXCOMPAT /IMPLIB:"C:\Users\Derik\documents\visual studio 2013\Projects\EX04_Gravity_Balls\Debug\EX04_Gravity_Balls.lib" /MACHINE:X86 Debug\InitShader.obj
         Debug\Main.obj
         EX04_Gravity_Balls.vcxproj -> C:\Users\Derik\documents\visual studio 2013\Projects\EX04_Gravity_Balls\Debug\EX04_Gravity_Balls.exe
     1>Done Building Project "C:\Users\Derik\documents\visual studio 2013\Projects\EX04_Gravity_Balls\EX04_Gravity_Balls\EX04_Gravity_Balls.vcxproj" (Rebuild target(s)).

Build succeeded.

Time Elapsed 00:00:01.17
